<?xml version="1.0" encoding="UTF-8"?>
<coverage generated="1741791192079" clover="3.2.0">
  <project timestamp="1741791192080" name="All files">
    <metrics statements="12" coveredstatements="12" conditionals="19" coveredconditionals="18" methods="2" coveredmethods="2" elements="33" coveredelements="32" complexity="0" loc="12" ncloc="12" packages="1" files="1" classes="1"/>
    <file name="Input.tsx" path="C:\Users\Onton\WebstormProjects\forkmain\delementa-fork-ui\src\components\Input\Input.tsx">
      <metrics statements="12" coveredstatements="12" conditionals="19" coveredconditionals="18" methods="2" coveredmethods="2"/>
      <line num="19" count="1" type="stmt"/>
      <line num="31" count="26" type="stmt"/>
      <line num="33" count="26" type="stmt"/>
      <line num="34" count="2" type="stmt"/>
      <line num="38" count="26" type="cond" truecount="4" falsecount="0"/>
      <line num="39" count="26" type="cond" truecount="2" falsecount="0"/>
      <line num="40" count="26" type="cond" truecount="2" falsecount="0"/>
      <line num="42" count="26" type="stmt"/>
      <line num="51" count="26" type="stmt"/>
      <line num="57" count="26" type="stmt"/>
      <line num="61" count="26" type="stmt"/>
      <line num="89" count="1" type="stmt"/>
    </file>
  </project>
</coverage>
