{"C:\\Users\\Onton\\WebstormProjects\\forkmain\\delementa-fork-ui\\src\\components\\Input\\Input.tsx": {"path":"C:\\Users\\Onton\\WebstormProjects\\forkmain\\delementa-fork-ui\\src\\components\\Input\\Input.tsx","statementMap":{"0":{"start":{"line":19,"column":21},"end":{"line":87,"column":2}},"1":{"start":{"line":31,"column":6},"end":{"line":31,"column":11}},"2":{"start":{"line":33,"column":53},"end":{"line":36,"column":3}},"3":{"start":{"line":34,"column":11},"end":{"line":34,"column":13}},"4":{"start":{"line":38,"column":20},"end":{"line":38,"column":76}},"5":{"start":{"line":39,"column":23},"end":{"line":39,"column":75}},"6":{"start":{"line":40,"column":21},"end":{"line":40,"column":76}},"7":{"start":{"line":42,"column":21},"end":{"line":49,"column":3}},"8":{"start":{"line":51,"column":21},"end":{"line":56,"column":3}},"9":{"start":{"line":57,"column":28},"end":{"line":59,"column":4}},"10":{"start":{"line":61,"column":2},"end":{"line":86,"column":4}},"11":{"start":{"line":89,"column":0},"end":{"line":89,"column":28}}},"fnMap":{"0":{"name":"(anonymous_0)","decl":{"start":{"line":19,"column":62},"end":{"line":19,"column":63}},"loc":{"start":{"line":19,"column":78},"end":{"line":87,"column":1}},"line":19},"1":{"name":"(anonymous_1)","decl":{"start":{"line":34,"column":4},"end":{"line":34,"column":5}},"loc":{"start":{"line":34,"column":11},"end":{"line":34,"column":13}},"line":34}},"branchMap":{"0":{"loc":{"start":{"line":22,"column":4},"end":{"line":22,"column":23}},"type":"default-arg","locations":[{"start":{"line":22,"column":14},"end":{"line":22,"column":23}}],"line":22},"1":{"loc":{"start":{"line":26,"column":4},"end":{"line":26,"column":17}},"type":"default-arg","locations":[{"start":{"line":26,"column":11},"end":{"line":26,"column":17}}],"line":26},"2":{"loc":{"start":{"line":27,"column":4},"end":{"line":27,"column":14}},"type":"default-arg","locations":[{"start":{"line":27,"column":11},"end":{"line":27,"column":14}}],"line":27},"3":{"loc":{"start":{"line":28,"column":4},"end":{"line":28,"column":25}},"type":"default-arg","locations":[{"start":{"line":28,"column":20},"end":{"line":28,"column":25}}],"line":28},"4":{"loc":{"start":{"line":38,"column":20},"end":{"line":38,"column":76}},"type":"cond-expr","locations":[{"start":{"line":38,"column":63},"end":{"line":38,"column":69}},{"start":{"line":38,"column":72},"end":{"line":38,"column":76}}],"line":38},"5":{"loc":{"start":{"line":38,"column":20},"end":{"line":38,"column":60}},"type":"binary-expr","locations":[{"start":{"line":38,"column":20},"end":{"line":38,"column":39}},{"start":{"line":38,"column":43},"end":{"line":38,"column":60}}],"line":38},"6":{"loc":{"start":{"line":39,"column":23},"end":{"line":39,"column":75}},"type":"cond-expr","locations":[{"start":{"line":39,"column":43},"end":{"line":39,"column":60}},{"start":{"line":39,"column":63},"end":{"line":39,"column":75}}],"line":39},"7":{"loc":{"start":{"line":40,"column":21},"end":{"line":40,"column":76}},"type":"cond-expr","locations":[{"start":{"line":40,"column":41},"end":{"line":40,"column":56}},{"start":{"line":40,"column":59},"end":{"line":40,"column":76}}],"line":40},"8":{"loc":{"start":{"line":63,"column":7},"end":{"line":63,"column":59}},"type":"binary-expr","locations":[{"start":{"line":63,"column":7},"end":{"line":63,"column":12}},{"start":{"line":63,"column":16},"end":{"line":63,"column":59}}],"line":63},"9":{"loc":{"start":{"line":71,"column":7},"end":{"line":81,"column":7}},"type":"binary-expr","locations":[{"start":{"line":71,"column":7},"end":{"line":71,"column":26}},{"start":{"line":72,"column":8},"end":{"line":80,"column":15}}],"line":71},"10":{"loc":{"start":{"line":82,"column":7},"end":{"line":84,"column":7}},"type":"binary-expr","locations":[{"start":{"line":82,"column":7},"end":{"line":82,"column":12}},{"start":{"line":82,"column":16},"end":{"line":82,"column":28}},{"start":{"line":83,"column":8},"end":{"line":83,"column":65}}],"line":82}},"s":{"0":1,"1":26,"2":26,"3":2,"4":26,"5":26,"6":26,"7":26,"8":26,"9":26,"10":26,"11":1},"f":{"0":26,"1":2},"b":{"0":[26],"1":[0],"2":[21],"3":[24],"4":[1,25],"5":[26,4],"6":[1,25],"7":[1,25],"8":[26,6],"9":[26,4],"10":[26,1,1]},"_coverageSchema":"1a1c01bbd47fc00a2c39e90264f33305004495a9","hash":"0e48240339e7dc6595c872d42affcb847d62d47d"}
}
