TN:
SF:src\components\Input\Input.tsx
FN:19,(anonymous_0)
FN:34,(anonymous_1)
FNF:2
FNH:2
FNDA:26,(anonymous_0)
FNDA:2,(anonymous_1)
DA:19,1
DA:31,26
DA:33,26
DA:34,2
DA:38,26
DA:39,26
DA:40,26
DA:42,26
DA:51,26
DA:57,26
DA:61,26
DA:89,1
LF:12
LH:12
BRDA:22,0,0,26
BRDA:26,1,0,0
BRDA:27,2,0,21
BRDA:28,3,0,24
BRDA:38,4,0,1
BRDA:38,4,1,25
BRDA:38,5,0,26
BRDA:38,5,1,4
BRDA:39,6,0,1
BRDA:39,6,1,25
BRDA:40,7,0,1
BRDA:40,7,1,25
BRDA:63,8,0,26
BRDA:63,8,1,6
BRDA:71,9,0,26
BRDA:71,9,1,4
BRDA:82,10,0,26
BRDA:82,10,1,1
BRDA:82,10,2,1
BRF:19
BRH:18
end_of_record
